[INFO] Scanning for projects...
[INFO]                                                                         
[INFO] ------------------------------------------------------------------------
[INFO] Building Apache Hadoop HDFS-NFS 3.1.2
[INFO] ------------------------------------------------------------------------
[INFO] 
[INFO] --- maven-antrun-plugin:1.7:run (create-testdirs) @ hadoop-hdfs-nfs ---
[INFO] Executing tasks

main:
[INFO] Executed tasks
[INFO] 
[INFO] --- maven-remote-resources-plugin:1.5:process (default) @ hadoop-hdfs-nfs ---
[INFO] 
[INFO] --- maven-resources-plugin:2.6:resources (default-resources) @ hadoop-hdfs-nfs ---
[INFO] Using 'UTF-8' encoding to copy filtered resources.
[INFO] skip non existing resourceDirectory /root/hadoop-disk/hadoop-3.1.2-src/hadoop-hdfs-project/hadoop-hdfs-nfs/src/main/resources
[INFO] Copying 2 resources
[INFO] 
[INFO] --- maven-compiler-plugin:3.1:compile (default-compile) @ hadoop-hdfs-nfs ---
[INFO] Nothing to compile - all classes are up to date
[INFO] 
[INFO] --- maven-resources-plugin:2.6:testResources (default-testResources) @ hadoop-hdfs-nfs ---
[INFO] Using 'UTF-8' encoding to copy filtered resources.
[INFO] Copying 1 resource
[INFO] Copying 2 resources
[INFO] 
[INFO] --- maven-compiler-plugin:3.1:testCompile (default-testCompile) @ hadoop-hdfs-nfs ---
[INFO] Nothing to compile - all classes are up to date
[INFO] 
[INFO] --- maven-surefire-plugin:3.0.0-M1:test (default-test) @ hadoop-hdfs-nfs ---
[INFO] 
[INFO] -------------------------------------------------------
[INFO]  T E S T S
[INFO] -------------------------------------------------------
[INFO] Running org.apache.hadoop.hdfs.nfs.TestMountd
[INFO] Tests run: 1, Failures: 0, Errors: 0, Skipped: 0, Time elapsed: 4.126 s - in org.apache.hadoop.hdfs.nfs.TestMountd
[INFO] Running org.apache.hadoop.hdfs.nfs.nfs3.TestViewfsWithNfs3
[INFO] Tests run: 10, Failures: 0, Errors: 0, Skipped: 0, Time elapsed: 5.8 s - in org.apache.hadoop.hdfs.nfs.nfs3.TestViewfsWithNfs3
[INFO] Running org.apache.hadoop.hdfs.nfs.nfs3.TestClientAccessPrivilege
[INFO] Tests run: 1, Failures: 0, Errors: 0, Skipped: 0, Time elapsed: 4.397 s - in org.apache.hadoop.hdfs.nfs.nfs3.TestClientAccessPrivilege
[INFO] Running org.apache.hadoop.hdfs.nfs.nfs3.TestNfs3HttpServer
[INFO] Tests run: 1, Failures: 0, Errors: 0, Skipped: 0, Time elapsed: 4.762 s - in org.apache.hadoop.hdfs.nfs.nfs3.TestNfs3HttpServer
[INFO] Running org.apache.hadoop.hdfs.nfs.nfs3.TestExportsTable
[INFO] Tests run: 6, Failures: 0, Errors: 0, Skipped: 0, Time elapsed: 13.994 s - in org.apache.hadoop.hdfs.nfs.nfs3.TestExportsTable
[INFO] Running org.apache.hadoop.hdfs.nfs.nfs3.TestWrites
[INFO] Tests run: 10, Failures: 0, Errors: 0, Skipped: 0, Time elapsed: 19.663 s - in org.apache.hadoop.hdfs.nfs.nfs3.TestWrites
[INFO] Running org.apache.hadoop.hdfs.nfs.nfs3.TestOpenFileCtxCache
[INFO] Tests run: 2, Failures: 0, Errors: 0, Skipped: 0, Time elapsed: 31.534 s - in org.apache.hadoop.hdfs.nfs.nfs3.TestOpenFileCtxCache
[INFO] Running org.apache.hadoop.hdfs.nfs.nfs3.TestReaddir
[INFO] Tests run: 2, Failures: 0, Errors: 0, Skipped: 0, Time elapsed: 4.731 s - in org.apache.hadoop.hdfs.nfs.nfs3.TestReaddir
[INFO] Running org.apache.hadoop.hdfs.nfs.nfs3.TestNfs3Utils
[INFO] Tests run: 1, Failures: 0, Errors: 0, Skipped: 0, Time elapsed: 0.157 s - in org.apache.hadoop.hdfs.nfs.nfs3.TestNfs3Utils
[INFO] Running org.apache.hadoop.hdfs.nfs.nfs3.TestRpcProgramNfs3
[INFO] Tests run: 22, Failures: 0, Errors: 0, Skipped: 0, Time elapsed: 7.885 s - in org.apache.hadoop.hdfs.nfs.nfs3.TestRpcProgramNfs3
[INFO] Running org.apache.hadoop.hdfs.nfs.nfs3.TestDFSClientCache
[INFO] Tests run: 3, Failures: 0, Errors: 0, Skipped: 0, Time elapsed: 0.86 s - in org.apache.hadoop.hdfs.nfs.nfs3.TestDFSClientCache
[INFO] Running org.apache.hadoop.hdfs.nfs.nfs3.TestOffsetRange
[INFO] Tests run: 5, Failures: 0, Errors: 0, Skipped: 0, Time elapsed: 0.064 s - in org.apache.hadoop.hdfs.nfs.nfs3.TestOffsetRange
[INFO] 
[INFO] Results:
[INFO] 
[INFO] Tests run: 64, Failures: 0, Errors: 0, Skipped: 0
[INFO] 
[INFO] ------------------------------------------------------------------------
[INFO] BUILD SUCCESS
[INFO] ------------------------------------------------------------------------
[INFO] Total time: 01:49 min
[INFO] Finished at: 2019-12-31T22:13:36-07:00
[INFO] Final Memory: 31M/1542M
[INFO] ------------------------------------------------------------------------
