[INFO] Scanning for projects...
[WARNING] 
[WARNING] Some problems were encountered while building the effective model for org.apache.hadoop:hadoop-hdfs-nfs:jar:3.1.2
[WARNING] 'dependencies.dependency.systemPath' for org.apache.hadoop:hadoop-hdfs:jar should use a variable instead of a hard-coded path /root/hadoop-disk/hadoop-3.1.2-src-reconf/hadoop-hdfs-project/hadoop-hdfs/target/hadoop-hdfs-3.1.2.jar @ line 57, column 19
[WARNING] 
[WARNING] It is highly recommended to fix these problems because they threaten the stability of your build.
[WARNING] 
[WARNING] For this reason, future Maven versions might no longer support building such malformed projects.
[WARNING] 
[INFO]                                                                         
[INFO] ------------------------------------------------------------------------
[INFO] Building Apache Hadoop HDFS-NFS 3.1.2
[INFO] ------------------------------------------------------------------------
[INFO] 
[INFO] --- maven-antrun-plugin:1.7:run (create-testdirs) @ hadoop-hdfs-nfs ---
[INFO] Executing tasks

main:
[INFO] Executed tasks
[INFO] 
[INFO] --- maven-remote-resources-plugin:1.5:process (default) @ hadoop-hdfs-nfs ---
[INFO] 
[INFO] --- maven-resources-plugin:2.6:resources (default-resources) @ hadoop-hdfs-nfs ---
[INFO] Using 'UTF-8' encoding to copy filtered resources.
[INFO] skip non existing resourceDirectory /root/hadoop-disk/hadoop-3.1.2-src-reconf/hadoop-hdfs-project/hadoop-hdfs-nfs/src/main/resources
[INFO] Copying 2 resources
[INFO] 
[INFO] --- maven-compiler-plugin:3.1:compile (default-compile) @ hadoop-hdfs-nfs ---
[INFO] Nothing to compile - all classes are up to date
[INFO] 
[INFO] --- maven-resources-plugin:2.6:testResources (default-testResources) @ hadoop-hdfs-nfs ---
[INFO] Using 'UTF-8' encoding to copy filtered resources.
[INFO] Copying 1 resource
[INFO] Copying 2 resources
[INFO] 
[INFO] --- maven-compiler-plugin:3.1:testCompile (default-testCompile) @ hadoop-hdfs-nfs ---
[INFO] Nothing to compile - all classes are up to date
[INFO] 
[INFO] --- maven-surefire-plugin:3.0.0-M4:test (default-test) @ hadoop-hdfs-nfs ---
[INFO] 
[INFO] -------------------------------------------------------
[INFO]  T E S T S
[INFO] -------------------------------------------------------
[INFO] Running org.apache.hadoop.hdfs.nfs.TestMountd
[INFO] Tests run: 1, Failures: 0, Errors: 0, Skipped: 0, Time elapsed: 4.332 s - in org.apache.hadoop.hdfs.nfs.TestMountd
[INFO] Running org.apache.hadoop.hdfs.nfs.nfs3.TestOffsetRange
[INFO] Tests run: 5, Failures: 0, Errors: 0, Skipped: 0, Time elapsed: 0.226 s - in org.apache.hadoop.hdfs.nfs.nfs3.TestOffsetRange
[INFO] Running org.apache.hadoop.hdfs.nfs.nfs3.TestClientAccessPrivilege
[INFO] Tests run: 1, Failures: 0, Errors: 0, Skipped: 0, Time elapsed: 4.586 s - in org.apache.hadoop.hdfs.nfs.nfs3.TestClientAccessPrivilege
[INFO] Running org.apache.hadoop.hdfs.nfs.nfs3.TestExportsTable
[INFO] Tests run: 6, Failures: 0, Errors: 0, Skipped: 0, Time elapsed: 14.673 s - in org.apache.hadoop.hdfs.nfs.nfs3.TestExportsTable
[INFO] Running org.apache.hadoop.hdfs.nfs.nfs3.TestRpcProgramNfs3
[INFO] Tests run: 22, Failures: 0, Errors: 0, Skipped: 0, Time elapsed: 8.071 s - in org.apache.hadoop.hdfs.nfs.nfs3.TestRpcProgramNfs3
[INFO] Running org.apache.hadoop.hdfs.nfs.nfs3.TestWrites
[INFO] Tests run: 10, Failures: 0, Errors: 0, Skipped: 0, Time elapsed: 19.764 s - in org.apache.hadoop.hdfs.nfs.nfs3.TestWrites
[INFO] Running org.apache.hadoop.hdfs.nfs.nfs3.TestNfs3Utils
[INFO] Tests run: 1, Failures: 0, Errors: 0, Skipped: 0, Time elapsed: 0.348 s - in org.apache.hadoop.hdfs.nfs.nfs3.TestNfs3Utils
[INFO] Running org.apache.hadoop.hdfs.nfs.nfs3.TestNfs3HttpServer
[INFO] Tests run: 1, Failures: 0, Errors: 0, Skipped: 0, Time elapsed: 4.838 s - in org.apache.hadoop.hdfs.nfs.nfs3.TestNfs3HttpServer
[INFO] Running org.apache.hadoop.hdfs.nfs.nfs3.TestReaddir
[INFO] Tests run: 2, Failures: 0, Errors: 0, Skipped: 0, Time elapsed: 4.91 s - in org.apache.hadoop.hdfs.nfs.nfs3.TestReaddir
[INFO] Running org.apache.hadoop.hdfs.nfs.nfs3.TestViewfsWithNfs3
[INFO] Tests run: 10, Failures: 0, Errors: 0, Skipped: 0, Time elapsed: 6.112 s - in org.apache.hadoop.hdfs.nfs.nfs3.TestViewfsWithNfs3
[INFO] Running org.apache.hadoop.hdfs.nfs.nfs3.TestOpenFileCtxCache
[INFO] Tests run: 2, Failures: 0, Errors: 0, Skipped: 0, Time elapsed: 31.701 s - in org.apache.hadoop.hdfs.nfs.nfs3.TestOpenFileCtxCache
[INFO] Running org.apache.hadoop.hdfs.nfs.nfs3.TestDFSClientCache
[INFO] Tests run: 3, Failures: 0, Errors: 0, Skipped: 0, Time elapsed: 1.019 s - in org.apache.hadoop.hdfs.nfs.nfs3.TestDFSClientCache
[INFO] 
[INFO] Results:
[INFO] 
[INFO] Tests run: 64, Failures: 0, Errors: 0, Skipped: 0
[INFO] 
[INFO] ------------------------------------------------------------------------
[INFO] BUILD SUCCESS
[INFO] ------------------------------------------------------------------------
[INFO] Total time: 01:52 min
[INFO] Finished at: 2019-12-31T23:46:41-07:00
[INFO] Final Memory: 31M/1572M
[INFO] ------------------------------------------------------------------------
