[INFO] Scanning for projects...
[WARNING] 
[WARNING] Some problems were encountered while building the effective model for org.apache.hadoop:hadoop-hdfs-rbf:jar:3.1.2
[WARNING] 'dependencies.dependency.systemPath' for org.apache.hadoop:hadoop-hdfs:jar should use a variable instead of a hard-coded path /root/hadoop-disk/hadoop-3.1.2-src-reconf/hadoop-hdfs-project/hadoop-hdfs/target/hadoop-hdfs-3.1.2.jar @ line 56, column 19
[WARNING] 
[WARNING] It is highly recommended to fix these problems because they threaten the stability of your build.
[WARNING] 
[WARNING] For this reason, future Maven versions might no longer support building such malformed projects.
[WARNING] 
[INFO]                                                                         
[INFO] ------------------------------------------------------------------------
[INFO] Building Apache Hadoop HDFS-RBF 3.1.2
[INFO] ------------------------------------------------------------------------
[INFO] 
[INFO] --- maven-antrun-plugin:1.7:run (create-testdirs) @ hadoop-hdfs-rbf ---
[INFO] Executing tasks

main:
[INFO] Executed tasks
[INFO] 
[INFO] --- hadoop-maven-plugins:3.1.2:protoc (compile-protoc) @ hadoop-hdfs-rbf ---
[INFO] No changes detected in protoc files, skipping generation.
[INFO] 
[INFO] --- maven-remote-resources-plugin:1.5:process (default) @ hadoop-hdfs-rbf ---
[INFO] 
[INFO] --- maven-resources-plugin:2.6:resources (default-resources) @ hadoop-hdfs-rbf ---
[INFO] Using 'UTF-8' encoding to copy filtered resources.
[INFO] Copying 1 resource
[INFO] Copying 2 resources
[INFO] 
[INFO] --- maven-compiler-plugin:3.1:compile (default-compile) @ hadoop-hdfs-rbf ---
[INFO] Compiling 1 source file to /root/hadoop-disk/hadoop-3.1.2-src-reconf/hadoop-hdfs-project/hadoop-hdfs-rbf/target/classes
[INFO] 
[INFO] --- maven-antrun-plugin:1.7:run (create-web-xmls) @ hadoop-hdfs-rbf ---
[INFO] Executing tasks

main:
[INFO] Executed tasks
[INFO] 
[INFO] --- maven-resources-plugin:2.6:testResources (default-testResources) @ hadoop-hdfs-rbf ---
[INFO] Using 'UTF-8' encoding to copy filtered resources.
[INFO] Copying 4 resources
[INFO] Copying 2 resources
[INFO] 
[INFO] --- maven-antrun-plugin:1.7:run (create-log-dir) @ hadoop-hdfs-rbf ---
[INFO] Executing tasks

main:
[INFO] Executed tasks
[INFO] 
[INFO] --- maven-compiler-plugin:3.1:testCompile (default-testCompile) @ hadoop-hdfs-rbf ---
[INFO] Compiling 1 source file to /root/hadoop-disk/hadoop-3.1.2-src-reconf/hadoop-hdfs-project/hadoop-hdfs-rbf/target/test-classes
[INFO] 
[INFO] --- maven-surefire-plugin:3.0.0-M4:test (default-test) @ hadoop-hdfs-rbf ---
[INFO] 
[INFO] -------------------------------------------------------
[INFO]  T E S T S
[INFO] -------------------------------------------------------
[INFO] Running org.apache.hadoop.hdfs.server.federation.metrics.TestFederationMetrics
[INFO] Tests run: 6, Failures: 0, Errors: 0, Skipped: 0, Time elapsed: 7.652 s - in org.apache.hadoop.hdfs.server.federation.metrics.TestFederationMetrics
[INFO] Running org.apache.hadoop.hdfs.server.federation.store.TestStateStoreMountTable
[INFO] Tests run: 5, Failures: 0, Errors: 0, Skipped: 0, Time elapsed: 0.673 s - in org.apache.hadoop.hdfs.server.federation.store.TestStateStoreMountTable
[INFO] Running org.apache.hadoop.hdfs.server.federation.store.TestStateStoreMembershipState
[INFO] Tests run: 7, Failures: 0, Errors: 0, Skipped: 0, Time elapsed: 8.903 s - in org.apache.hadoop.hdfs.server.federation.store.TestStateStoreMembershipState
[INFO] Running org.apache.hadoop.hdfs.server.federation.store.TestStateStoreDisabledNameservice
[INFO] Tests run: 1, Failures: 0, Errors: 0, Skipped: 0, Time elapsed: 0.499 s - in org.apache.hadoop.hdfs.server.federation.store.TestStateStoreDisabledNameservice
[INFO] Running org.apache.hadoop.hdfs.server.federation.store.TestStateStoreRouterState
[INFO] Tests run: 4, Failures: 0, Errors: 0, Skipped: 0, Time elapsed: 6.554 s - in org.apache.hadoop.hdfs.server.federation.store.TestStateStoreRouterState
[INFO] Running org.apache.hadoop.hdfs.server.federation.store.records.TestMembershipState
[INFO] Tests run: 2, Failures: 0, Errors: 0, Skipped: 0, Time elapsed: 0.374 s - in org.apache.hadoop.hdfs.server.federation.store.records.TestMembershipState
[INFO] Running org.apache.hadoop.hdfs.server.federation.store.records.TestMountTable
[INFO] Tests run: 6, Failures: 0, Errors: 0, Skipped: 0, Time elapsed: 0.535 s - in org.apache.hadoop.hdfs.server.federation.store.records.TestMountTable
[INFO] Running org.apache.hadoop.hdfs.server.federation.store.records.TestRouterState
[INFO] Tests run: 2, Failures: 0, Errors: 0, Skipped: 0, Time elapsed: 0.37 s - in org.apache.hadoop.hdfs.server.federation.store.records.TestRouterState
[INFO] Running org.apache.hadoop.hdfs.server.federation.store.driver.TestStateStoreFile
[INFO] Tests run: 5, Failures: 0, Errors: 0, Skipped: 0, Time elapsed: 0.758 s - in org.apache.hadoop.hdfs.server.federation.store.driver.TestStateStoreFile
[INFO] Running org.apache.hadoop.hdfs.server.federation.store.driver.TestStateStoreFileSystem
[INFO] Tests run: 5, Failures: 0, Errors: 0, Skipped: 0, Time elapsed: 19.029 s - in org.apache.hadoop.hdfs.server.federation.store.driver.TestStateStoreFileSystem
[INFO] Running org.apache.hadoop.hdfs.server.federation.store.driver.TestStateStoreZK
[INFO] Tests run: 5, Failures: 0, Errors: 0, Skipped: 0, Time elapsed: 2.651 s - in org.apache.hadoop.hdfs.server.federation.store.driver.TestStateStoreZK
[INFO] Running org.apache.hadoop.hdfs.server.federation.store.driver.TestStateStoreFileBase
[INFO] Tests run: 1, Failures: 0, Errors: 0, Skipped: 0, Time elapsed: 0.268 s - in org.apache.hadoop.hdfs.server.federation.store.driver.TestStateStoreFileBase
[INFO] Running org.apache.hadoop.hdfs.server.federation.router.TestDisableRouterQuota
[INFO] Tests run: 2, Failures: 0, Errors: 0, Skipped: 0, Time elapsed: 0.71 s - in org.apache.hadoop.hdfs.server.federation.router.TestDisableRouterQuota
[INFO] Running org.apache.hadoop.hdfs.server.federation.router.TestRouterAdminCLI
[INFO] Tests run: 20, Failures: 0, Errors: 0, Skipped: 0, Time elapsed: 32.098 s - in org.apache.hadoop.hdfs.server.federation.router.TestRouterAdminCLI
[INFO] Running org.apache.hadoop.hdfs.server.federation.router.TestRouterHeartbeatService
[INFO] Tests run: 2, Failures: 0, Errors: 0, Skipped: 0, Time elapsed: 3.124 s - in org.apache.hadoop.hdfs.server.federation.router.TestRouterHeartbeatService
[INFO] Running org.apache.hadoop.hdfs.server.federation.router.TestRBFConfigFields
[INFO] Tests run: 4, Failures: 0, Errors: 0, Skipped: 0, Time elapsed: 0.366 s - in org.apache.hadoop.hdfs.server.federation.router.TestRBFConfigFields
[INFO] Running org.apache.hadoop.hdfs.server.federation.router.TestConnectionManager
[INFO] Tests run: 4, Failures: 0, Errors: 0, Skipped: 0, Time elapsed: 0.865 s - in org.apache.hadoop.hdfs.server.federation.router.TestConnectionManager
[INFO] Running org.apache.hadoop.hdfs.server.federation.router.TestRouterRpc
[INFO] Tests run: 30, Failures: 0, Errors: 0, Skipped: 0, Time elapsed: 31.772 s - in org.apache.hadoop.hdfs.server.federation.router.TestRouterRpc
[INFO] Running org.apache.hadoop.hdfs.server.federation.router.TestRouterNamenodeMonitoring
[INFO] Tests run: 1, Failures: 0, Errors: 0, Skipped: 0, Time elapsed: 15.906 s - in org.apache.hadoop.hdfs.server.federation.router.TestRouterNamenodeMonitoring
[INFO] Running org.apache.hadoop.hdfs.server.federation.router.TestRouterRpcMultiDestination
[INFO] Tests run: 30, Failures: 0, Errors: 0, Skipped: 0, Time elapsed: 32.618 s - in org.apache.hadoop.hdfs.server.federation.router.TestRouterRpcMultiDestination
[INFO] Running org.apache.hadoop.hdfs.server.federation.router.TestRouterQuota
[INFO] Tests run: 9, Failures: 0, Errors: 0, Skipped: 0, Time elapsed: 114.992 s - in org.apache.hadoop.hdfs.server.federation.router.TestRouterQuota
[INFO] Running org.apache.hadoop.hdfs.server.federation.router.TestSafeMode
[INFO] Tests run: 1, Failures: 0, Errors: 0, Skipped: 0, Time elapsed: 12.023 s - in org.apache.hadoop.hdfs.server.federation.router.TestSafeMode
[INFO] Running org.apache.hadoop.hdfs.server.federation.router.TestRouterQuotaManager
[INFO] Tests run: 2, Failures: 0, Errors: 0, Skipped: 0, Time elapsed: 0.282 s - in org.apache.hadoop.hdfs.server.federation.router.TestRouterQuotaManager
[INFO] Running org.apache.hadoop.hdfs.server.federation.router.TestRouterAdmin
[INFO] Tests run: 10, Failures: 0, Errors: 0, Skipped: 0, Time elapsed: 2.757 s - in org.apache.hadoop.hdfs.server.federation.router.TestRouterAdmin
[INFO] Running org.apache.hadoop.hdfs.server.federation.router.TestDisableNameservices
[INFO] Tests run: 3, Failures: 0, Errors: 0, Skipped: 0, Time elapsed: 17.021 s - in org.apache.hadoop.hdfs.server.federation.router.TestDisableNameservices
[INFO] Running org.apache.hadoop.hdfs.server.federation.router.TestRouterMountTable
[INFO] Tests run: 2, Failures: 0, Errors: 0, Skipped: 0, Time elapsed: 10.679 s - in org.apache.hadoop.hdfs.server.federation.router.TestRouterMountTable
[INFO] Running org.apache.hadoop.hdfs.server.federation.router.TestRouterAllResolver
[INFO] Tests run: 3, Failures: 0, Errors: 0, Skipped: 0, Time elapsed: 36.995 s - in org.apache.hadoop.hdfs.server.federation.router.TestRouterAllResolver
[INFO] Running org.apache.hadoop.hdfs.server.federation.router.TestRouter
[INFO] Tests run: 4, Failures: 0, Errors: 0, Skipped: 0, Time elapsed: 2.374 s - in org.apache.hadoop.hdfs.server.federation.router.TestRouter
[INFO] Running org.apache.hadoop.hdfs.server.federation.router.TestRouterNamenodeHeartbeat
[INFO] Tests run: 2, Failures: 0, Errors: 0, Skipped: 0, Time elapsed: 16.563 s - in org.apache.hadoop.hdfs.server.federation.router.TestRouterNamenodeHeartbeat
[INFO] Running org.apache.hadoop.hdfs.server.federation.router.TestRouterClientRejectOverload
[INFO] Tests run: 2, Failures: 0, Errors: 0, Skipped: 0, Time elapsed: 70.689 s - in org.apache.hadoop.hdfs.server.federation.router.TestRouterClientRejectOverload
[INFO] Running org.apache.hadoop.hdfs.server.federation.router.TestRouterRPCClientRetries
[INFO] Tests run: 3, Failures: 0, Errors: 0, Skipped: 0, Time elapsed: 46.367 s - in org.apache.hadoop.hdfs.server.federation.router.TestRouterRPCClientRetries
[INFO] Running org.apache.hadoop.hdfs.server.federation.router.TestRouterSafemode
[INFO] Tests run: 5, Failures: 0, Errors: 0, Skipped: 0, Time elapsed: 10.322 s - in org.apache.hadoop.hdfs.server.federation.router.TestRouterSafemode
[INFO] Running org.apache.hadoop.hdfs.server.federation.resolver.order.TestLocalResolver
[INFO] Tests run: 1, Failures: 0, Errors: 0, Skipped: 0, Time elapsed: 0.709 s - in org.apache.hadoop.hdfs.server.federation.resolver.order.TestLocalResolver
[INFO] Running org.apache.hadoop.hdfs.server.federation.resolver.order.TestAvailableSpaceResolver
[INFO] Tests run: 3, Failures: 0, Errors: 0, Skipped: 0, Time elapsed: 0.705 s - in org.apache.hadoop.hdfs.server.federation.resolver.order.TestAvailableSpaceResolver
[INFO] Running org.apache.hadoop.hdfs.server.federation.resolver.TestInitializeMountTableResolver
[INFO] Tests run: 6, Failures: 0, Errors: 0, Skipped: 0, Time elapsed: 0.395 s - in org.apache.hadoop.hdfs.server.federation.resolver.TestInitializeMountTableResolver
[INFO] Running org.apache.hadoop.hdfs.server.federation.resolver.TestMultipleDestinationResolver
[INFO] Tests run: 10, Failures: 0, Errors: 0, Skipped: 0, Time elapsed: 3.153 s - in org.apache.hadoop.hdfs.server.federation.resolver.TestMultipleDestinationResolver
[INFO] Running org.apache.hadoop.hdfs.server.federation.resolver.TestNamenodeResolver
[INFO] Tests run: 3, Failures: 0, Errors: 0, Skipped: 0, Time elapsed: 15.538 s - in org.apache.hadoop.hdfs.server.federation.resolver.TestNamenodeResolver
[INFO] Running org.apache.hadoop.hdfs.server.federation.resolver.TestMountTableResolver
[INFO] Tests run: 14, Failures: 0, Errors: 0, Skipped: 0, Time elapsed: 9.11 s - in org.apache.hadoop.hdfs.server.federation.resolver.TestMountTableResolver
[INFO] Running org.apache.hadoop.fs.contract.router.TestRouterHDFSContractCreate
[INFO] Tests run: 11, Failures: 0, Errors: 0, Skipped: 0, Time elapsed: 13.863 s - in org.apache.hadoop.fs.contract.router.TestRouterHDFSContractCreate
[INFO] Running org.apache.hadoop.fs.contract.router.TestRouterHDFSContractOpen
[INFO] Tests run: 6, Failures: 0, Errors: 0, Skipped: 0, Time elapsed: 13.208 s - in org.apache.hadoop.fs.contract.router.TestRouterHDFSContractOpen
[INFO] Running org.apache.hadoop.fs.contract.router.TestRouterHDFSContractGetFileStatus
[INFO] Tests run: 18, Failures: 0, Errors: 0, Skipped: 0, Time elapsed: 14.302 s - in org.apache.hadoop.fs.contract.router.TestRouterHDFSContractGetFileStatus
[INFO] Running org.apache.hadoop.fs.contract.router.TestRouterHDFSContractDelete
[INFO] Tests run: 8, Failures: 0, Errors: 0, Skipped: 0, Time elapsed: 13.076 s - in org.apache.hadoop.fs.contract.router.TestRouterHDFSContractDelete
[INFO] Running org.apache.hadoop.fs.contract.router.TestRouterHDFSContractRootDirectory
[INFO] Tests run: 9, Failures: 0, Errors: 0, Skipped: 0, Time elapsed: 12.432 s - in org.apache.hadoop.fs.contract.router.TestRouterHDFSContractRootDirectory
[INFO] Running org.apache.hadoop.fs.contract.router.TestRouterHDFSContractAppend
[INFO] Tests run: 7, Failures: 0, Errors: 0, Skipped: 0, Time elapsed: 13.917 s - in org.apache.hadoop.fs.contract.router.TestRouterHDFSContractAppend
[INFO] Running org.apache.hadoop.fs.contract.router.web.TestRouterWebHDFSContractSeek
[INFO] Tests run: 18, Failures: 0, Errors: 0, Skipped: 0, Time elapsed: 20.139 s - in org.apache.hadoop.fs.contract.router.web.TestRouterWebHDFSContractSeek
[INFO] Running org.apache.hadoop.fs.contract.router.web.TestRouterWebHDFSContractRootDirectory
[INFO] Tests run: 9, Failures: 0, Errors: 0, Skipped: 0, Time elapsed: 16.137 s - in org.apache.hadoop.fs.contract.router.web.TestRouterWebHDFSContractRootDirectory
[INFO] Running org.apache.hadoop.fs.contract.router.web.TestRouterWebHDFSContractDelete
[INFO] Tests run: 8, Failures: 0, Errors: 0, Skipped: 0, Time elapsed: 16.764 s - in org.apache.hadoop.fs.contract.router.web.TestRouterWebHDFSContractDelete
[INFO] Running org.apache.hadoop.fs.contract.router.web.TestRouterWebHDFSContractOpen
[INFO] Tests run: 6, Failures: 0, Errors: 0, Skipped: 0, Time elapsed: 17.305 s - in org.apache.hadoop.fs.contract.router.web.TestRouterWebHDFSContractOpen
[INFO] Running org.apache.hadoop.fs.contract.router.web.TestRouterWebHDFSContractMkdir
[INFO] Tests run: 7, Failures: 0, Errors: 0, Skipped: 0, Time elapsed: 17.594 s - in org.apache.hadoop.fs.contract.router.web.TestRouterWebHDFSContractMkdir
[INFO] Running org.apache.hadoop.fs.contract.router.web.TestRouterWebHDFSContractCreate
[WARNING] Tests run: 11, Failures: 0, Errors: 0, Skipped: 2, Time elapsed: 18.461 s - in org.apache.hadoop.fs.contract.router.web.TestRouterWebHDFSContractCreate
[INFO] Running org.apache.hadoop.fs.contract.router.web.TestRouterWebHDFSContractAppend
[INFO] Tests run: 7, Failures: 0, Errors: 0, Skipped: 0, Time elapsed: 17.442 s - in org.apache.hadoop.fs.contract.router.web.TestRouterWebHDFSContractAppend
[INFO] Running org.apache.hadoop.fs.contract.router.web.TestRouterWebHDFSContractConcat
[INFO] Tests run: 4, Failures: 0, Errors: 0, Skipped: 0, Time elapsed: 17 s - in org.apache.hadoop.fs.contract.router.web.TestRouterWebHDFSContractConcat
[INFO] Running org.apache.hadoop.fs.contract.router.web.TestRouterWebHDFSContractRename
[INFO] Tests run: 8, Failures: 0, Errors: 0, Skipped: 0, Time elapsed: 18.041 s - in org.apache.hadoop.fs.contract.router.web.TestRouterWebHDFSContractRename
[INFO] Running org.apache.hadoop.fs.contract.router.TestRouterHDFSContractRename
[INFO] Tests run: 8, Failures: 0, Errors: 0, Skipped: 0, Time elapsed: 13.432 s - in org.apache.hadoop.fs.contract.router.TestRouterHDFSContractRename
[INFO] Running org.apache.hadoop.fs.contract.router.TestRouterHDFSContractSeek
[INFO] Tests run: 18, Failures: 0, Errors: 0, Skipped: 0, Time elapsed: 14.461 s - in org.apache.hadoop.fs.contract.router.TestRouterHDFSContractSeek
[INFO] Running org.apache.hadoop.fs.contract.router.TestRouterHDFSContractSetTimes
[INFO] Tests run: 1, Failures: 0, Errors: 0, Skipped: 0, Time elapsed: 12.271 s - in org.apache.hadoop.fs.contract.router.TestRouterHDFSContractSetTimes
[INFO] Running org.apache.hadoop.fs.contract.router.TestRouterHDFSContractConcat
[INFO] Tests run: 4, Failures: 0, Errors: 0, Skipped: 0, Time elapsed: 13.26 s - in org.apache.hadoop.fs.contract.router.TestRouterHDFSContractConcat
[INFO] Running org.apache.hadoop.fs.contract.router.TestRouterHDFSContractMkdir
[INFO] Tests run: 7, Failures: 0, Errors: 0, Skipped: 0, Time elapsed: 13.326 s - in org.apache.hadoop.fs.contract.router.TestRouterHDFSContractMkdir
[INFO] 
[INFO] Results:
[INFO] 
[WARNING] Tests run: 400, Failures: 0, Errors: 0, Skipped: 2
[INFO] 
[INFO] ------------------------------------------------------------------------
[INFO] BUILD SUCCESS
[INFO] ------------------------------------------------------------------------
[INFO] Total time: 14:45 min
[INFO] Finished at: 2020-01-01T00:03:38-07:00
[INFO] Final Memory: 46M/2647M
[INFO] ------------------------------------------------------------------------
