[INFO] Scanning for projects...
[INFO]                                                                         
[INFO] ------------------------------------------------------------------------
[INFO] Building Apache Hadoop HttpFS 3.1.2
[INFO] ------------------------------------------------------------------------
[INFO] 
[INFO] --- maven-antrun-plugin:1.7:run (create-testdirs) @ hadoop-hdfs-httpfs ---
[INFO] Executing tasks

main:
[INFO] Executed tasks
[INFO] 
[INFO] --- maven-remote-resources-plugin:1.5:process (default) @ hadoop-hdfs-httpfs ---
[INFO] 
[INFO] --- maven-resources-plugin:2.6:resources (default-resources) @ hadoop-hdfs-httpfs ---
[INFO] Using 'UTF-8' encoding to copy filtered resources.
[INFO] Copying 1 resource
[INFO] Copying 4 resources
[INFO] Copying 2 resources
[INFO] 
[INFO] --- maven-compiler-plugin:3.1:compile (default-compile) @ hadoop-hdfs-httpfs ---
[INFO] Nothing to compile - all classes are up to date
[INFO] 
[INFO] --- maven-antrun-plugin:1.7:run (create-web-xmls) @ hadoop-hdfs-httpfs ---
[INFO] Executing tasks

main:
[INFO] Executed tasks
[INFO] 
[INFO] --- maven-resources-plugin:2.6:testResources (default-testResources) @ hadoop-hdfs-httpfs ---
[INFO] Using 'UTF-8' encoding to copy filtered resources.
[INFO] Copying 9 resources
[INFO] Copying 1 resource
[INFO] Copying 2 resources
[INFO] 
[INFO] --- maven-compiler-plugin:3.1:testCompile (default-testCompile) @ hadoop-hdfs-httpfs ---
[INFO] Nothing to compile - all classes are up to date
[INFO] 
[INFO] --- maven-surefire-plugin:3.0.0-M1:test (default-test) @ hadoop-hdfs-httpfs ---
[INFO] 
[INFO] -------------------------------------------------------
[INFO]  T E S T S
[INFO] -------------------------------------------------------
[INFO] Running org.apache.hadoop.lib.lang.TestXException
[INFO] Tests run: 1, Failures: 0, Errors: 0, Skipped: 0, Time elapsed: 0.042 s - in org.apache.hadoop.lib.lang.TestXException
[INFO] Running org.apache.hadoop.lib.lang.TestRunnableCallable
[INFO] Tests run: 3, Failures: 0, Errors: 0, Skipped: 0, Time elapsed: 0.058 s - in org.apache.hadoop.lib.lang.TestRunnableCallable
[INFO] Running org.apache.hadoop.lib.wsrs.TestInputStreamEntity
[INFO] Tests run: 1, Failures: 0, Errors: 0, Skipped: 0, Time elapsed: 0.063 s - in org.apache.hadoop.lib.wsrs.TestInputStreamEntity
[INFO] Running org.apache.hadoop.lib.wsrs.TestParam
[INFO] Tests run: 8, Failures: 0, Errors: 0, Skipped: 0, Time elapsed: 0.081 s - in org.apache.hadoop.lib.wsrs.TestParam
[INFO] Running org.apache.hadoop.lib.wsrs.TestJSONProvider
[INFO] Tests run: 1, Failures: 0, Errors: 0, Skipped: 0, Time elapsed: 0.043 s - in org.apache.hadoop.lib.wsrs.TestJSONProvider
[INFO] Running org.apache.hadoop.lib.wsrs.TestJSONMapProvider
[INFO] Tests run: 1, Failures: 0, Errors: 0, Skipped: 0, Time elapsed: 0.045 s - in org.apache.hadoop.lib.wsrs.TestJSONMapProvider
[INFO] Running org.apache.hadoop.lib.service.security.TestGroupsService
[INFO] Tests run: 2, Failures: 0, Errors: 0, Skipped: 0, Time elapsed: 0.295 s - in org.apache.hadoop.lib.service.security.TestGroupsService
[INFO] Running org.apache.hadoop.lib.service.scheduler.TestSchedulerService
[INFO] Tests run: 1, Failures: 0, Errors: 0, Skipped: 0, Time elapsed: 0.177 s - in org.apache.hadoop.lib.service.scheduler.TestSchedulerService
[INFO] Running org.apache.hadoop.lib.service.instrumentation.TestInstrumentationService
[INFO] Tests run: 6, Failures: 0, Errors: 0, Skipped: 0, Time elapsed: 4.608 s - in org.apache.hadoop.lib.service.instrumentation.TestInstrumentationService
[INFO] Running org.apache.hadoop.lib.service.hadoop.TestFileSystemAccessService
[INFO] Tests run: 14, Failures: 0, Errors: 0, Skipped: 0, Time elapsed: 18.894 s - in org.apache.hadoop.lib.service.hadoop.TestFileSystemAccessService
[INFO] Running org.apache.hadoop.lib.server.TestServerConstructor
[INFO] Tests run: 15, Failures: 0, Errors: 0, Skipped: 0, Time elapsed: 0.122 s - in org.apache.hadoop.lib.server.TestServerConstructor
[INFO] Running org.apache.hadoop.lib.server.TestServer
[INFO] Tests run: 30, Failures: 0, Errors: 0, Skipped: 0, Time elapsed: 0.261 s - in org.apache.hadoop.lib.server.TestServer
[INFO] Running org.apache.hadoop.lib.server.TestBaseService
[INFO] Tests run: 1, Failures: 0, Errors: 0, Skipped: 0, Time elapsed: 0.202 s - in org.apache.hadoop.lib.server.TestBaseService
[INFO] Running org.apache.hadoop.lib.servlet.TestMDCFilter
[INFO] Tests run: 1, Failures: 0, Errors: 0, Skipped: 0, Time elapsed: 0.201 s - in org.apache.hadoop.lib.servlet.TestMDCFilter
[INFO] Running org.apache.hadoop.lib.servlet.TestHostnameFilter
[INFO] Tests run: 2, Failures: 0, Errors: 0, Skipped: 0, Time elapsed: 0.18 s - in org.apache.hadoop.lib.servlet.TestHostnameFilter
[INFO] Running org.apache.hadoop.lib.servlet.TestServerWebApp
[INFO] Tests run: 5, Failures: 0, Errors: 0, Skipped: 0, Time elapsed: 0.172 s - in org.apache.hadoop.lib.servlet.TestServerWebApp
[INFO] Running org.apache.hadoop.lib.util.TestCheck
[INFO] Tests run: 21, Failures: 0, Errors: 0, Skipped: 0, Time elapsed: 0.068 s - in org.apache.hadoop.lib.util.TestCheck
[INFO] Running org.apache.hadoop.lib.util.TestConfigurationUtils
[INFO] Tests run: 6, Failures: 0, Errors: 0, Skipped: 0, Time elapsed: 0.134 s - in org.apache.hadoop.lib.util.TestConfigurationUtils
[INFO] Running org.apache.hadoop.test.TestHdfsHelper
[INFO] Tests run: 1, Failures: 0, Errors: 0, Skipped: 0, Time elapsed: 0.111 s - in org.apache.hadoop.test.TestHdfsHelper
[INFO] Running org.apache.hadoop.test.TestDirHelper
[INFO] Tests run: 1, Failures: 0, Errors: 0, Skipped: 0, Time elapsed: 0.064 s - in org.apache.hadoop.test.TestDirHelper
[INFO] Running org.apache.hadoop.test.TestHTestCase
[INFO] Tests run: 12, Failures: 0, Errors: 0, Skipped: 0, Time elapsed: 1.164 s - in org.apache.hadoop.test.TestHTestCase
[INFO] Running org.apache.hadoop.test.TestHFSTestCase
[INFO] Tests run: 15, Failures: 0, Errors: 0, Skipped: 0, Time elapsed: 8.194 s - in org.apache.hadoop.test.TestHFSTestCase
[INFO] Running org.apache.hadoop.test.TestExceptionHelper
[INFO] Tests run: 1, Failures: 0, Errors: 0, Skipped: 0, Time elapsed: 0.048 s - in org.apache.hadoop.test.TestExceptionHelper
[INFO] Running org.apache.hadoop.fs.http.client.TestHttpFSFWithWebhdfsFileSystem
[INFO] Tests run: 64, Failures: 0, Errors: 0, Skipped: 0, Time elapsed: 23.774 s - in org.apache.hadoop.fs.http.client.TestHttpFSFWithWebhdfsFileSystem
[INFO] Running org.apache.hadoop.fs.http.client.TestHttpFSFWithSWebhdfsFileSystem
[INFO] Tests run: 64, Failures: 0, Errors: 0, Skipped: 0, Time elapsed: 27.693 s - in org.apache.hadoop.fs.http.client.TestHttpFSFWithSWebhdfsFileSystem
[INFO] Running org.apache.hadoop.fs.http.client.TestHttpFSFileSystemLocalFileSystem
[WARNING] Tests run: 64, Failures: 0, Errors: 0, Skipped: 6, Time elapsed: 18.252 s - in org.apache.hadoop.fs.http.client.TestHttpFSFileSystemLocalFileSystem
[INFO] Running org.apache.hadoop.fs.http.client.TestHttpFSWithHttpFSFileSystem
[INFO] Tests run: 64, Failures: 0, Errors: 0, Skipped: 0, Time elapsed: 25.074 s - in org.apache.hadoop.fs.http.client.TestHttpFSWithHttpFSFileSystem
[INFO] Running org.apache.hadoop.fs.http.server.TestHttpFSServerNoACLs
[INFO] Tests run: 1, Failures: 0, Errors: 0, Skipped: 0, Time elapsed: 6.08 s - in org.apache.hadoop.fs.http.server.TestHttpFSServerNoACLs
[INFO] Running org.apache.hadoop.fs.http.server.TestHttpFSServer
[INFO] Tests run: 20, Failures: 0, Errors: 0, Skipped: 0, Time elapsed: 13.29 s - in org.apache.hadoop.fs.http.server.TestHttpFSServer
[INFO] Running org.apache.hadoop.fs.http.server.TestCheckUploadContentTypeFilter
[INFO] Tests run: 6, Failures: 0, Errors: 0, Skipped: 0, Time elapsed: 0.205 s - in org.apache.hadoop.fs.http.server.TestCheckUploadContentTypeFilter
[INFO] Running org.apache.hadoop.fs.http.server.TestHttpFSServerWebServer
[INFO] Tests run: 4, Failures: 0, Errors: 0, Skipped: 0, Time elapsed: 2.11 s - in org.apache.hadoop.fs.http.server.TestHttpFSServerWebServer
[INFO] Running org.apache.hadoop.fs.http.server.TestHttpFSServerNoXAttrs
[INFO] Tests run: 1, Failures: 0, Errors: 0, Skipped: 0, Time elapsed: 5.737 s - in org.apache.hadoop.fs.http.server.TestHttpFSServerNoXAttrs
[INFO] 
[INFO] Results:
[INFO] 
[WARNING] Tests run: 437, Failures: 0, Errors: 0, Skipped: 6
[INFO] 
[INFO] ------------------------------------------------------------------------
[INFO] BUILD SUCCESS
[INFO] ------------------------------------------------------------------------
[INFO] Total time: 03:02 min
[INFO] Finished at: 2019-12-31T22:19:29-07:00
[INFO] Final Memory: 34M/1943M
[INFO] ------------------------------------------------------------------------
