[INFO] Scanning for projects...
[INFO]                                                                         
[INFO] ------------------------------------------------------------------------
[INFO] Building Apache Hadoop HDFS-RBF 3.1.2
[INFO] ------------------------------------------------------------------------
[INFO] 
[INFO] --- maven-antrun-plugin:1.7:run (create-testdirs) @ hadoop-hdfs-rbf ---
[INFO] Executing tasks

main:
[INFO] Executed tasks
[INFO] 
[INFO] --- hadoop-maven-plugins:3.1.2:protoc (compile-protoc) @ hadoop-hdfs-rbf ---
[INFO] No changes detected in protoc files, skipping generation.
[INFO] 
[INFO] --- maven-remote-resources-plugin:1.5:process (default) @ hadoop-hdfs-rbf ---
[INFO] 
[INFO] --- maven-resources-plugin:2.6:resources (default-resources) @ hadoop-hdfs-rbf ---
[INFO] Using 'UTF-8' encoding to copy filtered resources.
[INFO] Copying 1 resource
[INFO] Copying 2 resources
[INFO] 
[INFO] --- maven-compiler-plugin:3.1:compile (default-compile) @ hadoop-hdfs-rbf ---
[INFO] Compiling 1 source file to /root/hadoop-disk/hadoop-3.1.2-src/hadoop-hdfs-project/hadoop-hdfs-rbf/target/classes
[INFO] 
[INFO] --- maven-antrun-plugin:1.7:run (create-web-xmls) @ hadoop-hdfs-rbf ---
[INFO] Executing tasks

main:
[INFO] Executed tasks
[INFO] 
[INFO] --- maven-resources-plugin:2.6:testResources (default-testResources) @ hadoop-hdfs-rbf ---
[INFO] Using 'UTF-8' encoding to copy filtered resources.
[INFO] Copying 4 resources
[INFO] Copying 2 resources
[INFO] 
[INFO] --- maven-antrun-plugin:1.7:run (create-log-dir) @ hadoop-hdfs-rbf ---
[INFO] Executing tasks

main:
[INFO] Executed tasks
[INFO] 
[INFO] --- maven-compiler-plugin:3.1:testCompile (default-testCompile) @ hadoop-hdfs-rbf ---
[INFO] Compiling 1 source file to /root/hadoop-disk/hadoop-3.1.2-src/hadoop-hdfs-project/hadoop-hdfs-rbf/target/test-classes
[INFO] 
[INFO] --- maven-surefire-plugin:3.0.0-M1:test (default-test) @ hadoop-hdfs-rbf ---
[INFO] 
[INFO] -------------------------------------------------------
[INFO]  T E S T S
[INFO] -------------------------------------------------------
[INFO] Running org.apache.hadoop.hdfs.server.federation.resolver.TestMultipleDestinationResolver
[INFO] Tests run: 10, Failures: 0, Errors: 0, Skipped: 0, Time elapsed: 3.012 s - in org.apache.hadoop.hdfs.server.federation.resolver.TestMultipleDestinationResolver
[INFO] Running org.apache.hadoop.hdfs.server.federation.resolver.TestNamenodeResolver
[INFO] Tests run: 3, Failures: 0, Errors: 0, Skipped: 0, Time elapsed: 15.382 s - in org.apache.hadoop.hdfs.server.federation.resolver.TestNamenodeResolver
[INFO] Running org.apache.hadoop.hdfs.server.federation.resolver.TestInitializeMountTableResolver
[INFO] Tests run: 6, Failures: 0, Errors: 0, Skipped: 0, Time elapsed: 0.285 s - in org.apache.hadoop.hdfs.server.federation.resolver.TestInitializeMountTableResolver
[INFO] Running org.apache.hadoop.hdfs.server.federation.resolver.order.TestLocalResolver
[INFO] Tests run: 1, Failures: 0, Errors: 0, Skipped: 0, Time elapsed: 0.663 s - in org.apache.hadoop.hdfs.server.federation.resolver.order.TestLocalResolver
[INFO] Running org.apache.hadoop.hdfs.server.federation.resolver.order.TestAvailableSpaceResolver
[INFO] Tests run: 3, Failures: 0, Errors: 0, Skipped: 0, Time elapsed: 0.611 s - in org.apache.hadoop.hdfs.server.federation.resolver.order.TestAvailableSpaceResolver
[INFO] Running org.apache.hadoop.hdfs.server.federation.resolver.TestMountTableResolver
[INFO] Tests run: 14, Failures: 0, Errors: 0, Skipped: 0, Time elapsed: 8.351 s - in org.apache.hadoop.hdfs.server.federation.resolver.TestMountTableResolver
[INFO] Running org.apache.hadoop.hdfs.server.federation.metrics.TestFederationMetrics
[INFO] Tests run: 6, Failures: 0, Errors: 0, Skipped: 0, Time elapsed: 7.42 s - in org.apache.hadoop.hdfs.server.federation.metrics.TestFederationMetrics
[INFO] Running org.apache.hadoop.hdfs.server.federation.router.TestRouterNamenodeHeartbeat
[INFO] Tests run: 2, Failures: 0, Errors: 0, Skipped: 0, Time elapsed: 16.601 s - in org.apache.hadoop.hdfs.server.federation.router.TestRouterNamenodeHeartbeat
[INFO] Running org.apache.hadoop.hdfs.server.federation.router.TestRBFConfigFields
[INFO] Tests run: 4, Failures: 0, Errors: 0, Skipped: 0, Time elapsed: 0.273 s - in org.apache.hadoop.hdfs.server.federation.router.TestRBFConfigFields
[INFO] Running org.apache.hadoop.hdfs.server.federation.router.TestRouterAdmin
[INFO] Tests run: 10, Failures: 0, Errors: 0, Skipped: 0, Time elapsed: 2.66 s - in org.apache.hadoop.hdfs.server.federation.router.TestRouterAdmin
[INFO] Running org.apache.hadoop.hdfs.server.federation.router.TestRouterAdminCLI
[INFO] Tests run: 20, Failures: 0, Errors: 0, Skipped: 0, Time elapsed: 32.037 s - in org.apache.hadoop.hdfs.server.federation.router.TestRouterAdminCLI
[INFO] Running org.apache.hadoop.hdfs.server.federation.router.TestRouterRpc
[INFO] Tests run: 30, Failures: 0, Errors: 0, Skipped: 0, Time elapsed: 33.549 s - in org.apache.hadoop.hdfs.server.federation.router.TestRouterRpc
[INFO] Running org.apache.hadoop.hdfs.server.federation.router.TestRouterMountTable
[INFO] Tests run: 2, Failures: 0, Errors: 0, Skipped: 0, Time elapsed: 10.388 s - in org.apache.hadoop.hdfs.server.federation.router.TestRouterMountTable
[INFO] Running org.apache.hadoop.hdfs.server.federation.router.TestRouter
[INFO] Tests run: 4, Failures: 0, Errors: 0, Skipped: 0, Time elapsed: 2.281 s - in org.apache.hadoop.hdfs.server.federation.router.TestRouter
[INFO] Running org.apache.hadoop.hdfs.server.federation.router.TestConnectionManager
[INFO] Tests run: 4, Failures: 0, Errors: 0, Skipped: 0, Time elapsed: 0.728 s - in org.apache.hadoop.hdfs.server.federation.router.TestConnectionManager
[INFO] Running org.apache.hadoop.hdfs.server.federation.router.TestDisableNameservices
[INFO] Tests run: 3, Failures: 0, Errors: 0, Skipped: 0, Time elapsed: 17.042 s - in org.apache.hadoop.hdfs.server.federation.router.TestDisableNameservices
[INFO] Running org.apache.hadoop.hdfs.server.federation.router.TestRouterClientRejectOverload
[INFO] Tests run: 2, Failures: 0, Errors: 0, Skipped: 0, Time elapsed: 70.478 s - in org.apache.hadoop.hdfs.server.federation.router.TestRouterClientRejectOverload
[INFO] Running org.apache.hadoop.hdfs.server.federation.router.TestRouterRpcMultiDestination
[INFO] Tests run: 30, Failures: 0, Errors: 0, Skipped: 0, Time elapsed: 33.851 s - in org.apache.hadoop.hdfs.server.federation.router.TestRouterRpcMultiDestination
[INFO] Running org.apache.hadoop.hdfs.server.federation.router.TestRouterHeartbeatService
[INFO] Tests run: 2, Failures: 0, Errors: 0, Skipped: 0, Time elapsed: 2.936 s - in org.apache.hadoop.hdfs.server.federation.router.TestRouterHeartbeatService
[INFO] Running org.apache.hadoop.hdfs.server.federation.router.TestRouterAllResolver
[INFO] Tests run: 3, Failures: 0, Errors: 0, Skipped: 0, Time elapsed: 35.967 s - in org.apache.hadoop.hdfs.server.federation.router.TestRouterAllResolver
[INFO] Running org.apache.hadoop.hdfs.server.federation.router.TestRouterNamenodeMonitoring
[INFO] Tests run: 1, Failures: 0, Errors: 0, Skipped: 0, Time elapsed: 15.653 s - in org.apache.hadoop.hdfs.server.federation.router.TestRouterNamenodeMonitoring
[INFO] Running org.apache.hadoop.hdfs.server.federation.router.TestSafeMode
[INFO] Tests run: 1, Failures: 0, Errors: 0, Skipped: 0, Time elapsed: 11.753 s - in org.apache.hadoop.hdfs.server.federation.router.TestSafeMode
[INFO] Running org.apache.hadoop.hdfs.server.federation.router.TestRouterQuotaManager
[INFO] Tests run: 2, Failures: 0, Errors: 0, Skipped: 0, Time elapsed: 0.107 s - in org.apache.hadoop.hdfs.server.federation.router.TestRouterQuotaManager
[INFO] Running org.apache.hadoop.hdfs.server.federation.router.TestRouterQuota
[INFO] Tests run: 9, Failures: 0, Errors: 0, Skipped: 0, Time elapsed: 112.923 s - in org.apache.hadoop.hdfs.server.federation.router.TestRouterQuota
[INFO] Running org.apache.hadoop.hdfs.server.federation.router.TestDisableRouterQuota
[INFO] Tests run: 2, Failures: 0, Errors: 0, Skipped: 0, Time elapsed: 0.591 s - in org.apache.hadoop.hdfs.server.federation.router.TestDisableRouterQuota
[INFO] Running org.apache.hadoop.hdfs.server.federation.router.TestRouterRPCClientRetries
[INFO] Tests run: 3, Failures: 0, Errors: 0, Skipped: 0, Time elapsed: 44.804 s - in org.apache.hadoop.hdfs.server.federation.router.TestRouterRPCClientRetries
[INFO] Running org.apache.hadoop.hdfs.server.federation.router.TestRouterSafemode
[INFO] Tests run: 5, Failures: 0, Errors: 0, Skipped: 0, Time elapsed: 10.25 s - in org.apache.hadoop.hdfs.server.federation.router.TestRouterSafemode
[INFO] Running org.apache.hadoop.hdfs.server.federation.store.records.TestRouterState
[INFO] Tests run: 2, Failures: 0, Errors: 0, Skipped: 0, Time elapsed: 0.243 s - in org.apache.hadoop.hdfs.server.federation.store.records.TestRouterState
[INFO] Running org.apache.hadoop.hdfs.server.federation.store.records.TestMembershipState
[INFO] Tests run: 2, Failures: 0, Errors: 0, Skipped: 0, Time elapsed: 0.226 s - in org.apache.hadoop.hdfs.server.federation.store.records.TestMembershipState
[INFO] Running org.apache.hadoop.hdfs.server.federation.store.records.TestMountTable
[INFO] Tests run: 6, Failures: 0, Errors: 0, Skipped: 0, Time elapsed: 0.407 s - in org.apache.hadoop.hdfs.server.federation.store.records.TestMountTable
[INFO] Running org.apache.hadoop.hdfs.server.federation.store.driver.TestStateStoreZK
[INFO] Tests run: 5, Failures: 0, Errors: 0, Skipped: 0, Time elapsed: 2.548 s - in org.apache.hadoop.hdfs.server.federation.store.driver.TestStateStoreZK
[INFO] Running org.apache.hadoop.hdfs.server.federation.store.driver.TestStateStoreFileBase
[INFO] Tests run: 1, Failures: 0, Errors: 0, Skipped: 0, Time elapsed: 0.11 s - in org.apache.hadoop.hdfs.server.federation.store.driver.TestStateStoreFileBase
[INFO] Running org.apache.hadoop.hdfs.server.federation.store.driver.TestStateStoreFile
[INFO] Tests run: 5, Failures: 0, Errors: 0, Skipped: 0, Time elapsed: 0.651 s - in org.apache.hadoop.hdfs.server.federation.store.driver.TestStateStoreFile
[INFO] Running org.apache.hadoop.hdfs.server.federation.store.driver.TestStateStoreFileSystem
[INFO] Tests run: 5, Failures: 0, Errors: 0, Skipped: 0, Time elapsed: 30.571 s - in org.apache.hadoop.hdfs.server.federation.store.driver.TestStateStoreFileSystem
[INFO] Running org.apache.hadoop.hdfs.server.federation.store.TestStateStoreMembershipState
[INFO] Tests run: 7, Failures: 0, Errors: 0, Skipped: 0, Time elapsed: 8.793 s - in org.apache.hadoop.hdfs.server.federation.store.TestStateStoreMembershipState
[INFO] Running org.apache.hadoop.hdfs.server.federation.store.TestStateStoreRouterState
[INFO] Tests run: 4, Failures: 0, Errors: 0, Skipped: 0, Time elapsed: 6.468 s - in org.apache.hadoop.hdfs.server.federation.store.TestStateStoreRouterState
[INFO] Running org.apache.hadoop.hdfs.server.federation.store.TestStateStoreDisabledNameservice
[INFO] Tests run: 1, Failures: 0, Errors: 0, Skipped: 0, Time elapsed: 0.386 s - in org.apache.hadoop.hdfs.server.federation.store.TestStateStoreDisabledNameservice
[INFO] Running org.apache.hadoop.hdfs.server.federation.store.TestStateStoreMountTable
[INFO] Tests run: 5, Failures: 0, Errors: 0, Skipped: 0, Time elapsed: 0.583 s - in org.apache.hadoop.hdfs.server.federation.store.TestStateStoreMountTable
[INFO] Running org.apache.hadoop.fs.contract.router.TestRouterHDFSContractAppend
[INFO] Tests run: 7, Failures: 0, Errors: 0, Skipped: 0, Time elapsed: 13.364 s - in org.apache.hadoop.fs.contract.router.TestRouterHDFSContractAppend
[INFO] Running org.apache.hadoop.fs.contract.router.TestRouterHDFSContractCreate
[INFO] Tests run: 11, Failures: 0, Errors: 0, Skipped: 0, Time elapsed: 13.59 s - in org.apache.hadoop.fs.contract.router.TestRouterHDFSContractCreate
[INFO] Running org.apache.hadoop.fs.contract.router.TestRouterHDFSContractGetFileStatus
[INFO] Tests run: 18, Failures: 0, Errors: 0, Skipped: 0, Time elapsed: 14.04 s - in org.apache.hadoop.fs.contract.router.TestRouterHDFSContractGetFileStatus
[INFO] Running org.apache.hadoop.fs.contract.router.TestRouterHDFSContractOpen
[INFO] Tests run: 6, Failures: 0, Errors: 0, Skipped: 0, Time elapsed: 12.952 s - in org.apache.hadoop.fs.contract.router.TestRouterHDFSContractOpen
[INFO] Running org.apache.hadoop.fs.contract.router.TestRouterHDFSContractRename
[INFO] Tests run: 8, Failures: 0, Errors: 0, Skipped: 0, Time elapsed: 13.415 s - in org.apache.hadoop.fs.contract.router.TestRouterHDFSContractRename
[INFO] Running org.apache.hadoop.fs.contract.router.TestRouterHDFSContractMkdir
[INFO] Tests run: 7, Failures: 0, Errors: 0, Skipped: 0, Time elapsed: 13.109 s - in org.apache.hadoop.fs.contract.router.TestRouterHDFSContractMkdir
[INFO] Running org.apache.hadoop.fs.contract.router.TestRouterHDFSContractSeek
[INFO] Tests run: 18, Failures: 0, Errors: 0, Skipped: 0, Time elapsed: 14.266 s - in org.apache.hadoop.fs.contract.router.TestRouterHDFSContractSeek
[INFO] Running org.apache.hadoop.fs.contract.router.web.TestRouterWebHDFSContractConcat
[INFO] Tests run: 4, Failures: 0, Errors: 0, Skipped: 0, Time elapsed: 16.77 s - in org.apache.hadoop.fs.contract.router.web.TestRouterWebHDFSContractConcat
[INFO] Running org.apache.hadoop.fs.contract.router.web.TestRouterWebHDFSContractAppend
[INFO] Tests run: 7, Failures: 0, Errors: 0, Skipped: 0, Time elapsed: 17.671 s - in org.apache.hadoop.fs.contract.router.web.TestRouterWebHDFSContractAppend
[INFO] Running org.apache.hadoop.fs.contract.router.web.TestRouterWebHDFSContractRename
[INFO] Tests run: 8, Failures: 0, Errors: 0, Skipped: 0, Time elapsed: 17.721 s - in org.apache.hadoop.fs.contract.router.web.TestRouterWebHDFSContractRename
[INFO] Running org.apache.hadoop.fs.contract.router.web.TestRouterWebHDFSContractRootDirectory
[INFO] Tests run: 9, Failures: 0, Errors: 0, Skipped: 0, Time elapsed: 16.464 s - in org.apache.hadoop.fs.contract.router.web.TestRouterWebHDFSContractRootDirectory
[INFO] Running org.apache.hadoop.fs.contract.router.web.TestRouterWebHDFSContractDelete
[INFO] Tests run: 8, Failures: 0, Errors: 0, Skipped: 0, Time elapsed: 17.295 s - in org.apache.hadoop.fs.contract.router.web.TestRouterWebHDFSContractDelete
[INFO] Running org.apache.hadoop.fs.contract.router.web.TestRouterWebHDFSContractSeek
[INFO] Tests run: 18, Failures: 0, Errors: 0, Skipped: 0, Time elapsed: 19.836 s - in org.apache.hadoop.fs.contract.router.web.TestRouterWebHDFSContractSeek
[INFO] Running org.apache.hadoop.fs.contract.router.web.TestRouterWebHDFSContractOpen
[INFO] Tests run: 6, Failures: 0, Errors: 0, Skipped: 0, Time elapsed: 17.163 s - in org.apache.hadoop.fs.contract.router.web.TestRouterWebHDFSContractOpen
[INFO] Running org.apache.hadoop.fs.contract.router.web.TestRouterWebHDFSContractCreate
[WARNING] Tests run: 11, Failures: 0, Errors: 0, Skipped: 2, Time elapsed: 18.595 s - in org.apache.hadoop.fs.contract.router.web.TestRouterWebHDFSContractCreate
[INFO] Running org.apache.hadoop.fs.contract.router.web.TestRouterWebHDFSContractMkdir
[INFO] Tests run: 7, Failures: 0, Errors: 0, Skipped: 0, Time elapsed: 16.971 s - in org.apache.hadoop.fs.contract.router.web.TestRouterWebHDFSContractMkdir
[INFO] Running org.apache.hadoop.fs.contract.router.TestRouterHDFSContractRootDirectory
[INFO] Tests run: 9, Failures: 0, Errors: 0, Skipped: 0, Time elapsed: 12.34 s - in org.apache.hadoop.fs.contract.router.TestRouterHDFSContractRootDirectory
[INFO] Running org.apache.hadoop.fs.contract.router.TestRouterHDFSContractDelete
[INFO] Tests run: 8, Failures: 0, Errors: 0, Skipped: 0, Time elapsed: 12.857 s - in org.apache.hadoop.fs.contract.router.TestRouterHDFSContractDelete
[INFO] Running org.apache.hadoop.fs.contract.router.TestRouterHDFSContractSetTimes
[INFO] Tests run: 1, Failures: 0, Errors: 0, Skipped: 0, Time elapsed: 11.841 s - in org.apache.hadoop.fs.contract.router.TestRouterHDFSContractSetTimes
[INFO] Running org.apache.hadoop.fs.contract.router.TestRouterHDFSContractConcat
[INFO] Tests run: 4, Failures: 0, Errors: 0, Skipped: 0, Time elapsed: 13.119 s - in org.apache.hadoop.fs.contract.router.TestRouterHDFSContractConcat
[INFO] 
[INFO] Results:
[INFO] 
[WARNING] Tests run: 400, Failures: 0, Errors: 0, Skipped: 2
[INFO] 
[INFO] ------------------------------------------------------------------------
[INFO] BUILD SUCCESS
[INFO] ------------------------------------------------------------------------
[INFO] Total time: 14:48 min
[INFO] Finished at: 2019-12-31T22:36:13-07:00
[INFO] Final Memory: 41M/2338M
[INFO] ------------------------------------------------------------------------
